
2024-06-17
set adzan for 06/18/2024
delete imsak
SUCCESS: The scheduled task "imsak" was successfully deleted.
create imsak
delete subuh
SUCCESS: The scheduled task "adzan_subuh" was successfully deleted.
create subuh
delete dzuhur
SUCCESS: The scheduled task "adzan_dhuhur" was successfully deleted.
create dzuhur
delete ashar
SUCCESS: The scheduled task "adzan_ashr" was successfully deleted.
create ashar
delete maghrib
SUCCESS: The scheduled task "adzan_maghrib" was successfully deleted.
create maghrib
delete isya
SUCCESS: The scheduled task "adzan_isya" was successfully deleted.
create isya

2024-06-18
set adzan for 06/19/2024
delete imsak
SUCCESS: The scheduled task "imsak" was successfully deleted.
create imsak
delete subuh
SUCCESS: The scheduled task "adzan_subuh" was successfully deleted.
create subuh
delete dzuhur
SUCCESS: The scheduled task "adzan_dhuhur" was successfully deleted.
create dzuhur
delete ashar
SUCCESS: The scheduled task "adzan_ashr" was successfully deleted.
create ashar
delete maghrib
SUCCESS: The scheduled task "adzan_maghrib" was successfully deleted.
create maghrib
delete isya
SUCCESS: The scheduled task "adzan_isya" was successfully deleted.
create isya

2024-06-19
set adzan for 06/20/2024
delete imsak
SUCCESS: The scheduled task "imsak" was successfully deleted.
create imsak
delete subuh
SUCCESS: The scheduled task "adzan_subuh" was successfully deleted.
create subuh
delete dzuhur
SUCCESS: The scheduled task "adzan_dhuhur" was successfully deleted.
create dzuhur
delete ashar
SUCCESS: The scheduled task "adzan_ashr" was successfully deleted.
create ashar
delete maghrib
SUCCESS: The scheduled task "adzan_maghrib" was successfully deleted.
create maghrib
delete isya
SUCCESS: The scheduled task "adzan_isya" was successfully deleted.
create isya

2024-06-22
set adzan for 06/23/2024
delete imsak
SUCCESS: The scheduled task "imsak" was successfully deleted.
create imsak
delete subuh
SUCCESS: The scheduled task "adzan_subuh" was successfully deleted.
create subuh
delete dzuhur
SUCCESS: The scheduled task "adzan_dhuhur" was successfully deleted.
create dzuhur
delete ashar
SUCCESS: The scheduled task "adzan_ashr" was successfully deleted.
create ashar
delete maghrib
SUCCESS: The scheduled task "adzan_maghrib" was successfully deleted.
create maghrib
delete isya
SUCCESS: The scheduled task "adzan_isya" was successfully deleted.
create isya

2024-06-23
set adzan for 06/24/2024
delete imsak
SUCCESS: The scheduled task "imsak" was successfully deleted.
create imsak
delete subuh
SUCCESS: The scheduled task "adzan_subuh" was successfully deleted.
create subuh
delete dzuhur
SUCCESS: The scheduled task "adzan_dhuhur" was successfully deleted.
create dzuhur
delete ashar
SUCCESS: The scheduled task "adzan_ashr" was successfully deleted.
create ashar
delete maghrib
SUCCESS: The scheduled task "adzan_maghrib" was successfully deleted.
create maghrib
delete isya
SUCCESS: The scheduled task "adzan_isya" was successfully deleted.
create isya

2024-06-24
set adzan for 06/25/2024
delete imsak
SUCCESS: The scheduled task "imsak" was successfully deleted.
create imsak
delete subuh
SUCCESS: The scheduled task "adzan_subuh" was successfully deleted.
create subuh
delete dzuhur
SUCCESS: The scheduled task "adzan_dhuhur" was successfully deleted.
create dzuhur
delete ashar
SUCCESS: The scheduled task "adzan_ashr" was successfully deleted.
create ashar
delete maghrib
SUCCESS: The scheduled task "adzan_maghrib" was successfully deleted.
create maghrib
delete isya
SUCCESS: The scheduled task "adzan_isya" was successfully deleted.
create isya

2024-06-25
set adzan for 06/26/2024
delete imsak
SUCCESS: The scheduled task "imsak" was successfully deleted.
create imsak
delete subuh
SUCCESS: The scheduled task "adzan_subuh" was successfully deleted.
create subuh
delete dzuhur
SUCCESS: The scheduled task "adzan_dhuhur" was successfully deleted.
create dzuhur
delete ashar
SUCCESS: The scheduled task "adzan_ashr" was successfully deleted.
create ashar
delete maghrib
SUCCESS: The scheduled task "adzan_maghrib" was successfully deleted.
create maghrib
delete isya
SUCCESS: The scheduled task "adzan_isya" was successfully deleted.
create isya

2024-06-26
set adzan for 06/27/2024
delete imsak
SUCCESS: The scheduled task "imsak" was successfully deleted.
create imsak
delete subuh
SUCCESS: The scheduled task "adzan_subuh" was successfully deleted.
create subuh
delete dzuhur
SUCCESS: The scheduled task "adzan_dhuhur" was successfully deleted.
create dzuhur
delete ashar
SUCCESS: The scheduled task "adzan_ashr" was successfully deleted.
create ashar
delete maghrib
SUCCESS: The scheduled task "adzan_maghrib" was successfully deleted.
create maghrib
delete isya
SUCCESS: The scheduled task "adzan_isya" was successfully deleted.
create isya

2024-06-28
set adzan for 06/29/2024
delete imsak
SUCCESS: The scheduled task "imsak" was successfully deleted.
create imsak
delete subuh
SUCCESS: The scheduled task "adzan_subuh" was successfully deleted.
create subuh
delete dzuhur
SUCCESS: The scheduled task "adzan_dhuhur" was successfully deleted.
create dzuhur
delete ashar
SUCCESS: The scheduled task "adzan_ashr" was successfully deleted.
create ashar
delete maghrib
SUCCESS: The scheduled task "adzan_maghrib" was successfully deleted.
create maghrib
delete isya
SUCCESS: The scheduled task "adzan_isya" was successfully deleted.
create isya

2024-07-04
Error: Internal server error
Execution halted

2024-07-05
Error: Internal server error
Execution halted

2024-07-06
set adzan for 07/07/2024
delete imsak
SUCCESS: The scheduled task "imsak" was successfully deleted.
create imsak
delete subuh
SUCCESS: The scheduled task "adzan_subuh" was successfully deleted.
create subuh
delete dzuhur
SUCCESS: The scheduled task "adzan_dhuhur" was successfully deleted.
create dzuhur
delete ashar
SUCCESS: The scheduled task "adzan_ashr" was successfully deleted.
create ashar
delete maghrib
SUCCESS: The scheduled task "adzan_maghrib" was successfully deleted.
create maghrib
delete isya
SUCCESS: The scheduled task "adzan_isya" was successfully deleted.
create isya

2024-07-08
set adzan for 07/09/2024
delete imsak
SUCCESS: The scheduled task "imsak" was successfully deleted.
create imsak
delete subuh
SUCCESS: The scheduled task "adzan_subuh" was successfully deleted.
create subuh
delete dzuhur
SUCCESS: The scheduled task "adzan_dhuhur" was successfully deleted.
create dzuhur
delete ashar
SUCCESS: The scheduled task "adzan_ashr" was successfully deleted.
create ashar
delete maghrib
SUCCESS: The scheduled task "adzan_maghrib" was successfully deleted.
create maghrib
delete isya
SUCCESS: The scheduled task "adzan_isya" was successfully deleted.
create isya

2024-07-09
set adzan for 07/10/2024
delete imsak
SUCCESS: The scheduled task "imsak" was successfully deleted.
create imsak
delete subuh
SUCCESS: The scheduled task "adzan_subuh" was successfully deleted.
create subuh
delete dzuhur
SUCCESS: The scheduled task "adzan_dhuhur" was successfully deleted.
create dzuhur
delete ashar
SUCCESS: The scheduled task "adzan_ashr" was successfully deleted.
create ashar
delete maghrib
SUCCESS: The scheduled task "adzan_maghrib" was successfully deleted.
create maghrib
delete isya
SUCCESS: The scheduled task "adzan_isya" was successfully deleted.
create isya

2024-07-10
set adzan for 07/11/2024
delete imsak
SUCCESS: The scheduled task "imsak" was successfully deleted.
create imsak
delete subuh
SUCCESS: The scheduled task "adzan_subuh" was successfully deleted.
create subuh
delete dzuhur
SUCCESS: The scheduled task "adzan_dhuhur" was successfully deleted.
create dzuhur
delete ashar
SUCCESS: The scheduled task "adzan_ashr" was successfully deleted.
create ashar
delete maghrib
SUCCESS: The scheduled task "adzan_maghrib" was successfully deleted.
create maghrib
delete isya
SUCCESS: The scheduled task "adzan_isya" was successfully deleted.
create isya

2024-07-11
set adzan for 07/12/2024
delete imsak
SUCCESS: The scheduled task "imsak" was successfully deleted.
create imsak
delete subuh
SUCCESS: The scheduled task "adzan_subuh" was successfully deleted.
create subuh
delete dzuhur
SUCCESS: The scheduled task "adzan_dhuhur" was successfully deleted.
create dzuhur
delete reminder jumat
SUCCESS: The scheduled task "reminder_jumat" was successfully deleted.
create reminder jumat
delete ashar
SUCCESS: The scheduled task "adzan_ashr" was successfully deleted.
create ashar
delete maghrib
SUCCESS: The scheduled task "adzan_maghrib" was successfully deleted.
create maghrib
delete isya
SUCCESS: The scheduled task "adzan_isya" was successfully deleted.
create isya

2024-07-12
set adzan for 07/13/2024
delete imsak
SUCCESS: The scheduled task "imsak" was successfully deleted.
create imsak
delete subuh
SUCCESS: The scheduled task "adzan_subuh" was successfully deleted.
create subuh
delete dzuhur
SUCCESS: The scheduled task "adzan_dhuhur" was successfully deleted.
create dzuhur
delete ashar
SUCCESS: The scheduled task "adzan_ashr" was successfully deleted.
create ashar
delete maghrib
SUCCESS: The scheduled task "adzan_maghrib" was successfully deleted.
create maghrib
delete isya
SUCCESS: The scheduled task "adzan_isya" was successfully deleted.
create isya

2024-07-13
set adzan for 07/14/2024
delete imsak
SUCCESS: The scheduled task "imsak" was successfully deleted.
create imsak
delete subuh
SUCCESS: The scheduled task "adzan_subuh" was successfully deleted.
create subuh
delete dzuhur
SUCCESS: The scheduled task "adzan_dhuhur" was successfully deleted.
create dzuhur
delete ashar
SUCCESS: The scheduled task "adzan_ashr" was successfully deleted.
create ashar
delete maghrib
SUCCESS: The scheduled task "adzan_maghrib" was successfully deleted.
create maghrib
delete isya
SUCCESS: The scheduled task "adzan_isya" was successfully deleted.
create isya
Error in curl::curl_fetch_memory(url, handle = handle) : 
  Timeout was reached: [api.telegram.org] Resolving timed out after 10003 milliseconds
Calls: <Anonymous> ... request_fetch -> request_fetch.write_memory -> <Anonymous>
Execution halted

2024-07-15
set adzan for 07/16/2024
delete imsak
SUCCESS: The scheduled task "imsak" was successfully deleted.
create imsak
delete subuh
SUCCESS: The scheduled task "adzan_subuh" was successfully deleted.
create subuh
delete dzuhur
SUCCESS: The scheduled task "adzan_dhuhur" was successfully deleted.
create dzuhur
delete ashar
SUCCESS: The scheduled task "adzan_ashr" was successfully deleted.
create ashar
delete maghrib
SUCCESS: The scheduled task "adzan_maghrib" was successfully deleted.
create maghrib
delete isya
SUCCESS: The scheduled task "adzan_isya" was successfully deleted.
create isya

2024-07-16
set adzan for 07/17/2024
delete imsak
SUCCESS: The scheduled task "imsak" was successfully deleted.
create imsak
delete subuh
SUCCESS: The scheduled task "adzan_subuh" was successfully deleted.
create subuh
delete dzuhur
SUCCESS: The scheduled task "adzan_dhuhur" was successfully deleted.
create dzuhur
delete ashar
SUCCESS: The scheduled task "adzan_ashr" was successfully deleted.
create ashar
delete maghrib
SUCCESS: The scheduled task "adzan_maghrib" was successfully deleted.
create maghrib
delete isya
SUCCESS: The scheduled task "adzan_isya" was successfully deleted.
create isya

2024-07-19
set adzan for 07/20/2024
delete imsak
SUCCESS: The scheduled task "imsak" was successfully deleted.
create imsak
delete subuh
SUCCESS: The scheduled task "adzan_subuh" was successfully deleted.
create subuh
delete dzuhur
SUCCESS: The scheduled task "adzan_dhuhur" was successfully deleted.
create dzuhur
delete ashar
SUCCESS: The scheduled task "adzan_ashr" was successfully deleted.
create ashar
delete maghrib
SUCCESS: The scheduled task "adzan_maghrib" was successfully deleted.
create maghrib
delete isya
SUCCESS: The scheduled task "adzan_isya" was successfully deleted.
create isya

2024-07-22
set adzan for 07/23/2024
delete imsak
SUCCESS: The scheduled task "imsak" was successfully deleted.
create imsak
delete subuh
SUCCESS: The scheduled task "adzan_subuh" was successfully deleted.
create subuh
delete dzuhur
SUCCESS: The scheduled task "adzan_dhuhur" was successfully deleted.
create dzuhur
delete ashar
SUCCESS: The scheduled task "adzan_ashr" was successfully deleted.
create ashar
delete maghrib
SUCCESS: The scheduled task "adzan_maghrib" was successfully deleted.
create maghrib
delete isya
SUCCESS: The scheduled task "adzan_isya" was successfully deleted.
create isya

2024-07-24
set adzan for 07/25/2024
delete imsak
SUCCESS: The scheduled task "imsak" was successfully deleted.
create imsak
delete subuh
SUCCESS: The scheduled task "adzan_subuh" was successfully deleted.
create subuh
delete dzuhur
SUCCESS: The scheduled task "adzan_dhuhur" was successfully deleted.
create dzuhur
delete ashar
SUCCESS: The scheduled task "adzan_ashr" was successfully deleted.
create ashar
delete maghrib
SUCCESS: The scheduled task "adzan_maghrib" was successfully deleted.
create maghrib
delete isya
SUCCESS: The scheduled task "adzan_isya" was successfully deleted.
create isya

2024-07-27
set adzan for 07/28/2024
delete imsak
SUCCESS: The scheduled task "imsak" was successfully deleted.
create imsak
delete subuh
SUCCESS: The scheduled task "adzan_subuh" was successfully deleted.
create subuh
delete dzuhur
SUCCESS: The scheduled task "adzan_dhuhur" was successfully deleted.
create dzuhur
delete ashar
SUCCESS: The scheduled task "adzan_ashr" was successfully deleted.
create ashar
delete maghrib
SUCCESS: The scheduled task "adzan_maghrib" was successfully deleted.
create maghrib
delete isya
SUCCESS: The scheduled task "adzan_isya" was successfully deleted.
create isya

2024-07-28
set adzan for 07/29/2024
delete imsak
SUCCESS: The scheduled task "imsak" was successfully deleted.
create imsak
delete subuh
SUCCESS: The scheduled task "adzan_subuh" was successfully deleted.
create subuh
delete dzuhur
SUCCESS: The scheduled task "adzan_dhuhur" was successfully deleted.
create dzuhur
delete ashar
SUCCESS: The scheduled task "adzan_ashr" was successfully deleted.
create ashar
delete maghrib
SUCCESS: The scheduled task "adzan_maghrib" was successfully deleted.
create maghrib
delete isya
SUCCESS: The scheduled task "adzan_isya" was successfully deleted.
create isya

2024-07-31
set adzan for 08/01/2024
delete imsak
SUCCESS: The scheduled task "imsak" was successfully deleted.
create imsak
delete subuh
SUCCESS: The scheduled task "adzan_subuh" was successfully deleted.
create subuh
delete dzuhur
SUCCESS: The scheduled task "adzan_dhuhur" was successfully deleted.
create dzuhur
delete ashar
SUCCESS: The scheduled task "adzan_ashr" was successfully deleted.
create ashar
delete maghrib
SUCCESS: The scheduled task "adzan_maghrib" was successfully deleted.
create maghrib
delete isya
SUCCESS: The scheduled task "adzan_isya" was successfully deleted.
create isya

2024-08-01
set adzan for 08/02/2024
delete imsak
SUCCESS: The scheduled task "imsak" was successfully deleted.
create imsak
delete subuh
SUCCESS: The scheduled task "adzan_subuh" was successfully deleted.
create subuh
delete dzuhur
SUCCESS: The scheduled task "adzan_dhuhur" was successfully deleted.
create dzuhur
delete reminder jumat
SUCCESS: The scheduled task "reminder_jumat" was successfully deleted.
create reminder jumat
delete ashar
SUCCESS: The scheduled task "adzan_ashr" was successfully deleted.
create ashar
delete maghrib
SUCCESS: The scheduled task "adzan_maghrib" was successfully deleted.
create maghrib
delete isya
SUCCESS: The scheduled task "adzan_isya" was successfully deleted.
create isya

2024-08-02
set adzan for 08/03/2024
delete imsak
SUCCESS: The scheduled task "imsak" was successfully deleted.
create imsak
delete subuh
SUCCESS: The scheduled task "adzan_subuh" was successfully deleted.
create subuh
delete dzuhur
SUCCESS: The scheduled task "adzan_dhuhur" was successfully deleted.
create dzuhur
delete ashar
SUCCESS: The scheduled task "adzan_ashr" was successfully deleted.
create ashar
delete maghrib
SUCCESS: The scheduled task "adzan_maghrib" was successfully deleted.
create maghrib
delete isya
SUCCESS: The scheduled task "adzan_isya" was successfully deleted.
create isya

2024-08-03
set adzan for 08/04/2024
delete imsak
SUCCESS: The scheduled task "imsak" was successfully deleted.
create imsak
delete subuh
SUCCESS: The scheduled task "adzan_subuh" was successfully deleted.
create subuh
delete dzuhur
SUCCESS: The scheduled task "adzan_dhuhur" was successfully deleted.
create dzuhur
delete ashar
SUCCESS: The scheduled task "adzan_ashr" was successfully deleted.
create ashar
delete maghrib
SUCCESS: The scheduled task "adzan_maghrib" was successfully deleted.
create maghrib
delete isya
SUCCESS: The scheduled task "adzan_isya" was successfully deleted.
create isya

2024-08-06
set adzan for 08/07/2024
delete imsak
SUCCESS: The scheduled task "imsak" was successfully deleted.
create imsak
delete subuh
SUCCESS: The scheduled task "adzan_subuh" was successfully deleted.
create subuh
delete dzuhur
SUCCESS: The scheduled task "adzan_dhuhur" was successfully deleted.
create dzuhur
delete ashar
SUCCESS: The scheduled task "adzan_ashr" was successfully deleted.
create ashar
delete maghrib
SUCCESS: The scheduled task "adzan_maghrib" was successfully deleted.
create maghrib
delete isya
SUCCESS: The scheduled task "adzan_isya" was successfully deleted.
create isya

2024-08-07
set adzan for 08/08/2024
delete imsak
SUCCESS: The scheduled task "imsak" was successfully deleted.
create imsak
delete subuh
SUCCESS: The scheduled task "adzan_subuh" was successfully deleted.
create subuh
delete dzuhur
SUCCESS: The scheduled task "adzan_dhuhur" was successfully deleted.
create dzuhur
delete ashar
SUCCESS: The scheduled task "adzan_ashr" was successfully deleted.
create ashar
delete maghrib
SUCCESS: The scheduled task "adzan_maghrib" was successfully deleted.
create maghrib
delete isya
SUCCESS: The scheduled task "adzan_isya" was successfully deleted.
create isya

2024-08-09
set adzan for 08/10/2024
delete imsak
SUCCESS: The scheduled task "imsak" was successfully deleted.
create imsak
delete subuh
SUCCESS: The scheduled task "adzan_subuh" was successfully deleted.
create subuh
delete dzuhur
SUCCESS: The scheduled task "adzan_dhuhur" was successfully deleted.
create dzuhur
delete ashar
SUCCESS: The scheduled task "adzan_ashr" was successfully deleted.
create ashar
delete maghrib
SUCCESS: The scheduled task "adzan_maghrib" was successfully deleted.
create maghrib
delete isya
SUCCESS: The scheduled task "adzan_isya" was successfully deleted.
create isya

2024-08-12
set adzan for 08/13/2024
delete imsak
SUCCESS: The scheduled task "imsak" was successfully deleted.
create imsak
delete subuh
SUCCESS: The scheduled task "adzan_subuh" was successfully deleted.
create subuh
delete dzuhur
SUCCESS: The scheduled task "adzan_dhuhur" was successfully deleted.
create dzuhur
delete ashar
SUCCESS: The scheduled task "adzan_ashr" was successfully deleted.
create ashar
delete maghrib
SUCCESS: The scheduled task "adzan_maghrib" was successfully deleted.
create maghrib
delete isya
SUCCESS: The scheduled task "adzan_isya" was successfully deleted.
create isya

2024-08-14
set adzan for 08/15/2024
delete imsak
SUCCESS: The scheduled task "imsak" was successfully deleted.
create imsak
delete subuh
SUCCESS: The scheduled task "adzan_subuh" was successfully deleted.
create subuh
delete dzuhur
SUCCESS: The scheduled task "adzan_dhuhur" was successfully deleted.
create dzuhur
delete ashar
SUCCESS: The scheduled task "adzan_ashr" was successfully deleted.
create ashar
delete maghrib
SUCCESS: The scheduled task "adzan_maghrib" was successfully deleted.
create maghrib
delete isya
SUCCESS: The scheduled task "adzan_isya" was successfully deleted.
create isya

2024-08-15
set adzan for 08/16/2024
delete imsak
SUCCESS: The scheduled task "imsak" was successfully deleted.
create imsak
delete subuh
SUCCESS: The scheduled task "adzan_subuh" was successfully deleted.
create subuh
delete dzuhur
SUCCESS: The scheduled task "adzan_dhuhur" was successfully deleted.
create dzuhur
delete reminder jumat
SUCCESS: The scheduled task "reminder_jumat" was successfully deleted.
create reminder jumat
delete ashar
SUCCESS: The scheduled task "adzan_ashr" was successfully deleted.
create ashar
delete maghrib
SUCCESS: The scheduled task "adzan_maghrib" was successfully deleted.
create maghrib
delete isya
SUCCESS: The scheduled task "adzan_isya" was successfully deleted.
create isya

2024-08-16
set adzan for 08/17/2024
delete imsak
SUCCESS: The scheduled task "imsak" was successfully deleted.
create imsak
delete subuh
SUCCESS: The scheduled task "adzan_subuh" was successfully deleted.
create subuh
delete dzuhur
SUCCESS: The scheduled task "adzan_dhuhur" was successfully deleted.
create dzuhur
delete ashar
SUCCESS: The scheduled task "adzan_ashr" was successfully deleted.
create ashar
delete maghrib
SUCCESS: The scheduled task "adzan_maghrib" was successfully deleted.
create maghrib
delete isya
SUCCESS: The scheduled task "adzan_isya" was successfully deleted.
create isya

2024-08-18
set adzan for 08/19/2024
delete imsak
SUCCESS: The scheduled task "imsak" was successfully deleted.
create imsak
delete subuh
SUCCESS: The scheduled task "adzan_subuh" was successfully deleted.
create subuh
delete dzuhur
SUCCESS: The scheduled task "adzan_dhuhur" was successfully deleted.
create dzuhur
delete ashar
SUCCESS: The scheduled task "adzan_ashr" was successfully deleted.
create ashar
delete maghrib
SUCCESS: The scheduled task "adzan_maghrib" was successfully deleted.
create maghrib
delete isya
SUCCESS: The scheduled task "adzan_isya" was successfully deleted.
create isya

2024-08-21
set adzan for 08/22/2024
delete imsak
SUCCESS: The scheduled task "imsak" was successfully deleted.
create imsak
delete subuh
SUCCESS: The scheduled task "adzan_subuh" was successfully deleted.
create subuh
delete dzuhur
SUCCESS: The scheduled task "adzan_dhuhur" was successfully deleted.
create dzuhur
delete ashar
SUCCESS: The scheduled task "adzan_ashr" was successfully deleted.
create ashar
delete maghrib
SUCCESS: The scheduled task "adzan_maghrib" was successfully deleted.
create maghrib
delete isya
SUCCESS: The scheduled task "adzan_isya" was successfully deleted.
create isya

2024-08-23
set adzan for 08/24/2024
delete imsak
SUCCESS: The scheduled task "imsak" was successfully deleted.
create imsak
delete subuh
SUCCESS: The scheduled task "adzan_subuh" was successfully deleted.
create subuh
delete dzuhur
SUCCESS: The scheduled task "adzan_dhuhur" was successfully deleted.
create dzuhur
delete ashar
SUCCESS: The scheduled task "adzan_ashr" was successfully deleted.
create ashar
delete maghrib
SUCCESS: The scheduled task "adzan_maghrib" was successfully deleted.
create maghrib
delete isya
SUCCESS: The scheduled task "adzan_isya" was successfully deleted.
create isya

2024-08-26
set adzan for 08/27/2024
delete imsak
SUCCESS: The scheduled task "imsak" was successfully deleted.
create imsak
delete subuh
SUCCESS: The scheduled task "adzan_subuh" was successfully deleted.
create subuh
delete dzuhur
SUCCESS: The scheduled task "adzan_dhuhur" was successfully deleted.
create dzuhur
delete ashar
SUCCESS: The scheduled task "adzan_ashr" was successfully deleted.
create ashar
delete maghrib
SUCCESS: The scheduled task "adzan_maghrib" was successfully deleted.
create maghrib
delete isya
SUCCESS: The scheduled task "adzan_isya" was successfully deleted.
create isya

2024-08-27
set adzan for 08/28/2024
delete imsak
SUCCESS: The scheduled task "imsak" was successfully deleted.
create imsak
delete subuh
SUCCESS: The scheduled task "adzan_subuh" was successfully deleted.
create subuh
delete dzuhur
SUCCESS: The scheduled task "adzan_dhuhur" was successfully deleted.
create dzuhur
delete ashar
SUCCESS: The scheduled task "adzan_ashr" was successfully deleted.
create ashar
delete maghrib
SUCCESS: The scheduled task "adzan_maghrib" was successfully deleted.
create maghrib
delete isya
SUCCESS: The scheduled task "adzan_isya" was successfully deleted.
create isya

2024-08-28
set adzan for 08/29/2024
delete imsak
SUCCESS: The scheduled task "imsak" was successfully deleted.
create imsak
delete subuh
SUCCESS: The scheduled task "adzan_subuh" was successfully deleted.
create subuh
delete dzuhur
SUCCESS: The scheduled task "adzan_dhuhur" was successfully deleted.
create dzuhur
delete ashar
SUCCESS: The scheduled task "adzan_ashr" was successfully deleted.
create ashar
delete maghrib
SUCCESS: The scheduled task "adzan_maghrib" was successfully deleted.
create maghrib
delete isya
SUCCESS: The scheduled task "adzan_isya" was successfully deleted.
create isya

2024-08-29
set adzan for 08/30/2024
delete imsak
SUCCESS: The scheduled task "imsak" was successfully deleted.
create imsak
delete subuh
SUCCESS: The scheduled task "adzan_subuh" was successfully deleted.
create subuh
delete dzuhur
SUCCESS: The scheduled task "adzan_dhuhur" was successfully deleted.
create dzuhur
delete reminder jumat
SUCCESS: The scheduled task "reminder_jumat" was successfully deleted.
create reminder jumat
delete ashar
SUCCESS: The scheduled task "adzan_ashr" was successfully deleted.
create ashar
delete maghrib
SUCCESS: The scheduled task "adzan_maghrib" was successfully deleted.
create maghrib
delete isya
SUCCESS: The scheduled task "adzan_isya" was successfully deleted.
create isya

2024-08-31
Error: Internal server error
Execution halted

2024-09-02
set adzan for 09/03/2024
delete imsak
SUCCESS: The scheduled task "imsak" was successfully deleted.
create imsak
delete subuh
SUCCESS: The scheduled task "adzan_subuh" was successfully deleted.
create subuh
delete dzuhur
SUCCESS: The scheduled task "adzan_dhuhur" was successfully deleted.
create dzuhur
delete ashar
SUCCESS: The scheduled task "adzan_ashr" was successfully deleted.
create ashar
delete maghrib
SUCCESS: The scheduled task "adzan_maghrib" was successfully deleted.
create maghrib
delete isya
SUCCESS: The scheduled task "adzan_isya" was successfully deleted.
create isya

2024-09-03
set adzan for 09/04/2024
delete imsak
SUCCESS: The scheduled task "imsak" was successfully deleted.
create imsak
delete subuh
SUCCESS: The scheduled task "adzan_subuh" was successfully deleted.
create subuh
delete dzuhur
SUCCESS: The scheduled task "adzan_dhuhur" was successfully deleted.
create dzuhur
delete ashar
SUCCESS: The scheduled task "adzan_ashr" was successfully deleted.
create ashar
delete maghrib
SUCCESS: The scheduled task "adzan_maghrib" was successfully deleted.
create maghrib
delete isya
SUCCESS: The scheduled task "adzan_isya" was successfully deleted.
create isya

2024-09-04
set adzan for 09/05/2024
delete imsak
SUCCESS: The scheduled task "imsak" was successfully deleted.
create imsak
delete subuh
SUCCESS: The scheduled task "adzan_subuh" was successfully deleted.
create subuh
delete dzuhur
SUCCESS: The scheduled task "adzan_dhuhur" was successfully deleted.
create dzuhur
delete ashar
SUCCESS: The scheduled task "adzan_ashr" was successfully deleted.
create ashar
delete maghrib
SUCCESS: The scheduled task "adzan_maghrib" was successfully deleted.
create maghrib
delete isya
SUCCESS: The scheduled task "adzan_isya" was successfully deleted.
create isya

2024-09-05
set adzan for 09/06/2024
delete imsak
SUCCESS: The scheduled task "imsak" was successfully deleted.
create imsak
delete subuh
SUCCESS: The scheduled task "adzan_subuh" was successfully deleted.
create subuh
delete dzuhur
SUCCESS: The scheduled task "adzan_dhuhur" was successfully deleted.
create dzuhur
delete reminder jumat
SUCCESS: The scheduled task "reminder_jumat" was successfully deleted.
create reminder jumat
delete ashar
SUCCESS: The scheduled task "adzan_ashr" was successfully deleted.
create ashar
delete maghrib
SUCCESS: The scheduled task "adzan_maghrib" was successfully deleted.
create maghrib
delete isya
SUCCESS: The scheduled task "adzan_isya" was successfully deleted.
create isya

2024-09-09
set adzan for 09/10/2024
delete imsak
SUCCESS: The scheduled task "imsak" was successfully deleted.
create imsak
delete subuh
SUCCESS: The scheduled task "adzan_subuh" was successfully deleted.
create subuh
delete dzuhur
SUCCESS: The scheduled task "adzan_dhuhur" was successfully deleted.
create dzuhur
delete ashar
SUCCESS: The scheduled task "adzan_ashr" was successfully deleted.
create ashar
delete maghrib
SUCCESS: The scheduled task "adzan_maghrib" was successfully deleted.
create maghrib
delete isya
SUCCESS: The scheduled task "adzan_isya" was successfully deleted.
create isya

2024-09-10
set adzan for 09/11/2024
delete imsak
SUCCESS: The scheduled task "imsak" was successfully deleted.
create imsak
delete subuh
SUCCESS: The scheduled task "adzan_subuh" was successfully deleted.
create subuh
delete dzuhur
SUCCESS: The scheduled task "adzan_dhuhur" was successfully deleted.
create dzuhur
delete ashar
SUCCESS: The scheduled task "adzan_ashr" was successfully deleted.
create ashar
delete maghrib
SUCCESS: The scheduled task "adzan_maghrib" was successfully deleted.
create maghrib
delete isya
SUCCESS: The scheduled task "adzan_isya" was successfully deleted.
create isya

2024-09-11
set adzan for 09/12/2024
delete imsak
SUCCESS: The scheduled task "imsak" was successfully deleted.
create imsak
delete subuh
SUCCESS: The scheduled task "adzan_subuh" was successfully deleted.
create subuh
delete dzuhur
SUCCESS: The scheduled task "adzan_dhuhur" was successfully deleted.
create dzuhur
delete ashar
SUCCESS: The scheduled task "adzan_ashr" was successfully deleted.
create ashar
delete maghrib
SUCCESS: The scheduled task "adzan_maghrib" was successfully deleted.
create maghrib
delete isya
SUCCESS: The scheduled task "adzan_isya" was successfully deleted.
create isya

2024-09-12
set adzan for 09/13/2024
delete imsak
SUCCESS: The scheduled task "imsak" was successfully deleted.
create imsak
delete subuh
SUCCESS: The scheduled task "adzan_subuh" was successfully deleted.
create subuh
delete dzuhur
SUCCESS: The scheduled task "adzan_dhuhur" was successfully deleted.
create dzuhur
delete reminder jumat
SUCCESS: The scheduled task "reminder_jumat" was successfully deleted.
create reminder jumat
delete ashar
SUCCESS: The scheduled task "adzan_ashr" was successfully deleted.
create ashar
delete maghrib
SUCCESS: The scheduled task "adzan_maghrib" was successfully deleted.
create maghrib
delete isya
SUCCESS: The scheduled task "adzan_isya" was successfully deleted.
create isya

2024-09-13
set adzan for 09/14/2024
delete imsak
SUCCESS: The scheduled task "imsak" was successfully deleted.
create imsak
delete subuh
SUCCESS: The scheduled task "adzan_subuh" was successfully deleted.
create subuh
delete dzuhur
SUCCESS: The scheduled task "adzan_dhuhur" was successfully deleted.
create dzuhur
delete ashar
SUCCESS: The scheduled task "adzan_ashr" was successfully deleted.
create ashar
delete maghrib
SUCCESS: The scheduled task "adzan_maghrib" was successfully deleted.
create maghrib
delete isya
SUCCESS: The scheduled task "adzan_isya" was successfully deleted.
create isya

2024-09-14
set adzan for 09/15/2024
delete imsak
SUCCESS: The scheduled task "imsak" was successfully deleted.
create imsak
delete subuh
SUCCESS: The scheduled task "adzan_subuh" was successfully deleted.
create subuh
delete dzuhur
SUCCESS: The scheduled task "adzan_dhuhur" was successfully deleted.
create dzuhur
delete ashar
SUCCESS: The scheduled task "adzan_ashr" was successfully deleted.
create ashar
delete maghrib
SUCCESS: The scheduled task "adzan_maghrib" was successfully deleted.
create maghrib
delete isya
SUCCESS: The scheduled task "adzan_isya" was successfully deleted.
create isya

2024-09-17
set adzan for 09/18/2024
delete imsak
SUCCESS: The scheduled task "imsak" was successfully deleted.
create imsak
delete subuh
SUCCESS: The scheduled task "adzan_subuh" was successfully deleted.
create subuh
delete dzuhur
SUCCESS: The scheduled task "adzan_dhuhur" was successfully deleted.
create dzuhur
delete ashar
SUCCESS: The scheduled task "adzan_ashr" was successfully deleted.
create ashar
delete maghrib
SUCCESS: The scheduled task "adzan_maghrib" was successfully deleted.
create maghrib
delete isya
SUCCESS: The scheduled task "adzan_isya" was successfully deleted.
create isya

2024-09-19
set adzan for 09/20/2024
delete imsak
SUCCESS: The scheduled task "imsak" was successfully deleted.
create imsak
delete subuh
SUCCESS: The scheduled task "adzan_subuh" was successfully deleted.
create subuh
delete dzuhur
SUCCESS: The scheduled task "adzan_dhuhur" was successfully deleted.
create dzuhur
delete reminder jumat
SUCCESS: The scheduled task "reminder_jumat" was successfully deleted.
create reminder jumat
delete ashar
SUCCESS: The scheduled task "adzan_ashr" was successfully deleted.
create ashar
delete maghrib
SUCCESS: The scheduled task "adzan_maghrib" was successfully deleted.
create maghrib
delete isya
SUCCESS: The scheduled task "adzan_isya" was successfully deleted.
create isya

2024-09-21
set adzan for 09/22/2024
delete imsak
SUCCESS: The scheduled task "imsak" was successfully deleted.
create imsak
delete subuh
SUCCESS: The scheduled task "adzan_subuh" was successfully deleted.
create subuh
delete dzuhur
SUCCESS: The scheduled task "adzan_dhuhur" was successfully deleted.
create dzuhur
delete ashar
SUCCESS: The scheduled task "adzan_ashr" was successfully deleted.
create ashar
delete maghrib
SUCCESS: The scheduled task "adzan_maghrib" was successfully deleted.
create maghrib
delete isya
SUCCESS: The scheduled task "adzan_isya" was successfully deleted.
create isya

2024-09-22
set adzan for 09/23/2024
delete imsak
SUCCESS: The scheduled task "imsak" was successfully deleted.
create imsak
delete subuh
SUCCESS: The scheduled task "adzan_subuh" was successfully deleted.
create subuh
delete dzuhur
SUCCESS: The scheduled task "adzan_dhuhur" was successfully deleted.
create dzuhur
delete ashar
SUCCESS: The scheduled task "adzan_ashr" was successfully deleted.
create ashar
delete maghrib
SUCCESS: The scheduled task "adzan_maghrib" was successfully deleted.
create maghrib
delete isya
SUCCESS: The scheduled task "adzan_isya" was successfully deleted.
create isya
Error in curl::curl_fetch_memory(url, handle = handle) : 
  Failed to connect to api.telegram.org port 443 after 65 ms: Couldn't connect to server
Calls: <Anonymous> ... request_fetch -> request_fetch.write_memory -> <Anonymous>
Execution halted

2024-09-24
set adzan for 09/25/2024
delete imsak
SUCCESS: The scheduled task "imsak" was successfully deleted.
create imsak
delete subuh
SUCCESS: The scheduled task "adzan_subuh" was successfully deleted.
create subuh
delete dzuhur
SUCCESS: The scheduled task "adzan_dhuhur" was successfully deleted.
create dzuhur
delete ashar
SUCCESS: The scheduled task "adzan_ashr" was successfully deleted.
create ashar
delete maghrib
SUCCESS: The scheduled task "adzan_maghrib" was successfully deleted.
create maghrib
delete isya
SUCCESS: The scheduled task "adzan_isya" was successfully deleted.
create isya

2024-09-25
set adzan for 09/26/2024
delete imsak
SUCCESS: The scheduled task "imsak" was successfully deleted.
create imsak
delete subuh
SUCCESS: The scheduled task "adzan_subuh" was successfully deleted.
create subuh
delete dzuhur
SUCCESS: The scheduled task "adzan_dhuhur" was successfully deleted.
create dzuhur
delete ashar
SUCCESS: The scheduled task "adzan_ashr" was successfully deleted.
create ashar
delete maghrib
SUCCESS: The scheduled task "adzan_maghrib" was successfully deleted.
create maghrib
delete isya
SUCCESS: The scheduled task "adzan_isya" was successfully deleted.
create isya

2024-09-27
set adzan for 09/28/2024
delete imsak
SUCCESS: The scheduled task "imsak" was successfully deleted.
create imsak
delete subuh
SUCCESS: The scheduled task "adzan_subuh" was successfully deleted.
create subuh
delete dzuhur
SUCCESS: The scheduled task "adzan_dhuhur" was successfully deleted.
create dzuhur
delete ashar
SUCCESS: The scheduled task "adzan_ashr" was successfully deleted.
create ashar
delete maghrib
SUCCESS: The scheduled task "adzan_maghrib" was successfully deleted.
create maghrib
delete isya
SUCCESS: The scheduled task "adzan_isya" was successfully deleted.
create isya

2024-09-28
set adzan for 09/29/2024
delete imsak
SUCCESS: The scheduled task "imsak" was successfully deleted.
create imsak
delete subuh
SUCCESS: The scheduled task "adzan_subuh" was successfully deleted.
create subuh
delete dzuhur
SUCCESS: The scheduled task "adzan_dhuhur" was successfully deleted.
create dzuhur
delete ashar
SUCCESS: The scheduled task "adzan_ashr" was successfully deleted.
create ashar
delete maghrib
SUCCESS: The scheduled task "adzan_maghrib" was successfully deleted.
create maghrib
delete isya
SUCCESS: The scheduled task "adzan_isya" was successfully deleted.
create isya

2024-09-29
set adzan for 09/30/2024
delete imsak
SUCCESS: The scheduled task "imsak" was successfully deleted.
create imsak
delete subuh
SUCCESS: The scheduled task "adzan_subuh" was successfully deleted.
create subuh
delete dzuhur
SUCCESS: The scheduled task "adzan_dhuhur" was successfully deleted.
create dzuhur
delete ashar
SUCCESS: The scheduled task "adzan_ashr" was successfully deleted.
create ashar
delete maghrib
SUCCESS: The scheduled task "adzan_maghrib" was successfully deleted.
create maghrib
delete isya
SUCCESS: The scheduled task "adzan_isya" was successfully deleted.
create isya

2024-10-01
set adzan for 10/02/2024
delete imsak
SUCCESS: The scheduled task "imsak" was successfully deleted.
create imsak
delete subuh
SUCCESS: The scheduled task "adzan_subuh" was successfully deleted.
create subuh
delete dzuhur
SUCCESS: The scheduled task "adzan_dhuhur" was successfully deleted.
create dzuhur
delete ashar
SUCCESS: The scheduled task "adzan_ashr" was successfully deleted.
create ashar
delete maghrib
SUCCESS: The scheduled task "adzan_maghrib" was successfully deleted.
create maghrib
delete isya
SUCCESS: The scheduled task "adzan_isya" was successfully deleted.
create isya
