
2024-05-31

Attaching package: 'jsonlite'

The following object is masked from 'package:purrr':

    flatten


Attaching package: 'lubridate'

The following objects are masked from 'package:base':

    date, intersect, setdiff, union

Done

2024-07-31

Attaching package: 'jsonlite'

The following object is masked from 'package:purrr':

    flatten


Attaching package: 'lubridate'

The following objects are masked from 'package:base':

    date, intersect, setdiff, union

Done

2024-09-30

Attaching package: 'jsonlite'

The following object is masked from 'package:purrr':

    flatten


Attaching package: 'lubridate'

The following objects are masked from 'package:base':

    date, intersect, setdiff, union

Done
